<?xml version="1.0" encoding="UTF-8"?>
<Site BuildName="(empty)"
	BuildStamp="20230804-2328-Experimental"
	Name="robot"
	Generator="ctest-3.16.3"
	CompilerName="/usr/bin/g++"
	CompilerVersion="9.4.0"
	OSName="Linux"
	Hostname="robot"
	OSRelease="5.15.0-78-generic"
	OSVersion="#85~20.04.1-Ubuntu SMP Mon Jul 17 09:42:39 UTC 2023"
	OSPlatform="x86_64"
	Is64Bits="1"
	VendorString="GenuineIntel"
	VendorID="Intel Corporation"
	FamilyID="6"
	ModelID="158"
	ProcessorCacheSize="16384"
	NumberOfLogicalCPU="16"
	NumberOfPhysicalCPU="8"
	TotalVirtualMemory="953"
	TotalPhysicalMemory="15881"
	LogicalProcessorsPerPhysical="2"
	ProcessorClockFrequency="2300"
	>
	<Testing>
		<StartDateTime>Aug 05 02:29 EEST</StartDateTime>
		<StartTestTime>1691191743</StartTestTime>
		<TestList/>
		<EndDateTime>Aug 05 02:29 EEST</EndDateTime>
		<EndTestTime>1691191743</EndTestTime>
		<ElapsedMinutes>0</ElapsedMinutes>
	</Testing>
</Site>
